1699971990287	geckodriver	INFO	Listening on 127.0.0.1:50214
1699971993335	mozrunner::runner	INFO	Running command: "C:\\Program Files\\Mozilla Firefox\\firefox.exe" "--marionette" "--remote-debugging-port" "50215" "--remote-allow-hosts" "localhost" "-no-remote" "-profile" "C:\\Users\\timur\\AppData\\Local\\Temp\\rust_mozprofileQiO0h8"
1699972040823	geckodriver	INFO	Listening on 127.0.0.1:50262
1699972043857	mozrunner::runner	INFO	Running command: "C:\\Program Files\\Mozilla Firefox\\firefox.exe" "--marionette" "--remote-debugging-port" "50263" "--remote-allow-hosts" "localhost" "-no-remote" "-profile" "C:\\Users\\timur\\AppData\\Local\\Temp\\rust_mozprofileg949SZ"
console.warn: services.settings: Ignoring preference override of remote settings server
console.warn: services.settings: Allow by setting MOZ_REMOTE_SETTINGS_DEVTOOLS=1 in the environment
1699972044177	Marionette	INFO	Marionette enabled
Dynamically enable window occlusion 0
1699972044247	Marionette	INFO	Listening on port 50271
WebDriver BiDi listening on ws://127.0.0.1:50263
Read port: 50271
1699972044443	RemoteAgent	WARN	TLS certificate errors will be ignored for this session
DevTools listening on ws://127.0.0.1:50263/devtools/browser/bb64a222-ced2-49d4-b961-486e1b7af3b8
1699972050066	Marionette	INFO	Stopped listening on port 50271
Dynamically enable window occlusion 1
1699972099392	geckodriver	INFO	Listening on 127.0.0.1:50358
1699972102414	mozrunner::runner	INFO	Running command: "C:\\Program Files\\Mozilla Firefox\\firefox.exe" "--marionette" "--remote-debugging-port" "50359" "--remote-allow-hosts" "localhost" "-no-remote" "-profile" "C:\\Users\\timur\\AppData\\Local\\Temp\\rust_mozprofile7i0JZe"
console.warn: services.settings: Ignoring preference override of remote settings server
console.warn: services.settings: Allow by setting MOZ_REMOTE_SETTINGS_DEVTOOLS=1 in the environment
1699972102697	Marionette	INFO	Marionette enabled
Dynamically enable window occlusion 0
1699972102757	Marionette	INFO	Listening on port 50368
WebDriver BiDi listening on ws://127.0.0.1:50359
Read port: 50368
1699972102941	RemoteAgent	WARN	TLS certificate errors will be ignored for this session
DevTools listening on ws://127.0.0.1:50359/devtools/browser/02e78499-b0b4-4e5f-b018-c1d467d49917
console.warn: LoginRecipes: "Falling back to a synchronous message for: https://sso.passport.yandex.ru."
1699972104754	Marionette	WARN	Ignoring event 'DOMContentLoaded' because document has an invalid readyState of 'complete'.
1699972104907	Marionette	WARN	Ignoring event 'DOMContentLoaded' because document has an invalid readyState of 'complete'.
1699972133372	addons.xpi	ERROR	System addon update list error SyntaxError: XMLHttpRequest.open: 'http://%(server)s/dummy-system-addons.xml' is not a valid URL.
console.warn: "Listener for event 'frame' did not return a promise."
console.warn: "Listener for event 'frame' did not return a promise."
console.warn: "Listener for event 'frame' did not return a promise."
console.warn: "Listener for event 'frame' did not return a promise."
console.error: "Error while calling actor 'domwalker's method 'getEmbedderElement'" "Component returned failure code: 0x80004005 (NS_ERROR_FAILURE) [inIDeepTreeWalker.currentNode]"
console.error: ({})
console.warn: "Error while destroying front:" "inspector" (new Error("Protocol error (NS_ERROR_FAILURE): Component returned failure code: 0x80004005 (NS_ERROR_FAILURE) [inIDeepTreeWalker.currentNode] from: server0.conn0.windowGlobal8589934607/domwalker122 (resource://devtools/server/actors/inspector/document-walker.js:69:0)", "resource://devtools/shared/protocol/Front.js", 383))
console.error: "Failed to start [root-node] legacy listener for target null" (new Error("Protocol error (NS_ERROR_FAILURE): Component returned failure code: 0x80004005 (NS_ERROR_FAILURE) [inIDeepTreeWalker.currentNode] from: server0.conn0.windowGlobal8589934607/domwalker122 (resource://devtools/server/actors/inspector/document-walker.js:69:0)", "resource://devtools/shared/protocol/Front.js", 383))
JavaScript error: resource://devtools/shared/protocol/Front.js, line 383: Error: Protocol error (NS_ERROR_FAILURE): Component returned failure code: 0x80004005 (NS_ERROR_FAILURE) [inIDeepTreeWalker.currentNode] from: server0.conn0.windowGlobal8589934607/domwalker122 (resource://devtools/server/actors/inspector/document-walker.js:69:0)
console.warn: "Listener for event 'frame' did not return a promise."
console.error: "Unable to find target with innerWindowId:8589934607"
console.warn: "Listener for event 'frame' did not return a promise."
console.warn: "Error while destroying front:" "inspector" (new Error("Connection closed, pending request to server0.conn0.windowGlobal8589934620/inspectorActor4, type getWalker failed\n\nRequest stack:\nrequest@resource://devtools/shared/protocol/Front.js:300:14\ngenerateRequestMethods/</frontProto[name]@resource://devtools/shared/protocol/Front/FrontClassWithSpec.js:47:19\n_getWalker@resource://devtools/client/fronts/inspector.js:84:30\ninitialize@resource://devtools/client/fronts/inspector.js:73:12\n", "resource://devtools/shared/protocol/Front.js", 106))
console.error: "Failed to start [root-node] legacy listener for target null" (new Error("Connection closed, pending request to server0.conn0.windowGlobal8589934620/inspectorActor4, type getWalker failed\n\nRequest stack:\nrequest@resource://devtools/shared/protocol/Front.js:300:14\ngenerateRequestMethods/</frontProto[name]@resource://devtools/shared/protocol/Front/FrontClassWithSpec.js:47:19\n_getWalker@resource://devtools/client/fronts/inspector.js:84:30\ninitialize@resource://devtools/client/fronts/inspector.js:73:12\n", "resource://devtools/shared/protocol/Front.js", 106))
JavaScript error: resource://devtools/shared/protocol/Front.js, line 106: Error: Connection closed, pending request to server0.conn0.windowGlobal8589934620/inspectorActor4, type getWalker failed

Request stack:
request@resource://devtools/shared/protocol/Front.js:300:14
generateRequestMethods/</frontProto[name]@resource://devtools/shared/protocol/Front/FrontClassWithSpec.js:47:19
_getWalker@resource://devtools/client/fronts/inspector.js:84:30
initialize@resource://devtools/client/fronts/inspector.js:73:12

console.warn: "Listener for event 'frame' did not return a promise."
console.warn: "Listener for event 'frame' did not return a promise."
console.warn: "Listener for event 'frame' did not return a promise."
console.warn: "Listener for event 'frame' did not return a promise."
console.error: "Unable to find target with innerWindowId:8589934616"
console.error: "Error when attaching target:" (new Error("Connection closed, pending request to server0.conn0.windowGlobal8589934633/thread1, type isAttached failed\n\nRequest stack:\nrequest@resource://devtools/shared/protocol/Front.js:300:14\ngenerateRequestMethods/</frontProto[name]@resource://devtools/shared/protocol/Front/FrontClassWithSpec.js:47:19\nattachThread@resource://devtools/client/fronts/targets/target-mixin.js:447:49\n", "resource://devtools/shared/protocol/Front.js", 106))
console.warn: "Listener for event 'frame' did not return a promise."
console.error: "Unable to find target with innerWindowId:8589934629"
console.warn: "Error while destroying front:" "inspector" (new Error("Connection closed, pending request to server0.conn0.windowGlobal8589934642/inspectorActor4, type getWalker failed\n\nRequest stack:\nrequest@resource://devtools/shared/protocol/Front.js:300:14\ngenerateRequestMethods/</frontProto[name]@resource://devtools/shared/protocol/Front/FrontClassWithSpec.js:47:19\n_getWalker@resource://devtools/client/fronts/inspector.js:84:30\ninitialize@resource://devtools/client/fronts/inspector.js:73:12\n", "resource://devtools/shared/protocol/Front.js", 106))
console.error: "Failed to start [root-node] legacy listener for target null" (new Error("Connection closed, pending request to server0.conn0.windowGlobal8589934642/inspectorActor4, type getWalker failed\n\nRequest stack:\nrequest@resource://devtools/shared/protocol/Front.js:300:14\ngenerateRequestMethods/</frontProto[name]@resource://devtools/shared/protocol/Front/FrontClassWithSpec.js:47:19\n_getWalker@resource://devtools/client/fronts/inspector.js:84:30\ninitialize@resource://devtools/client/fronts/inspector.js:73:12\n", "resource://devtools/shared/protocol/Front.js", 106))
JavaScript error: resource://devtools/shared/protocol/Front.js, line 106: Error: Connection closed, pending request to server0.conn0.windowGlobal8589934642/inspectorActor4, type getWalker failed

Request stack:
request@resource://devtools/shared/protocol/Front.js:300:14
generateRequestMethods/</frontProto[name]@resource://devtools/shared/protocol/Front/FrontClassWithSpec.js:47:19
_getWalker@resource://devtools/client/fronts/inspector.js:84:30
initialize@resource://devtools/client/fronts/inspector.js:73:12

console.warn: "Listener for event 'frame' did not return a promise."
console.warn: "Listener for event 'frame' did not return a promise."
console.warn: "Async method failed in safeAsyncMethod" (new Error("Connection closed, pending request to server0.conn0.windowGlobal30064771073/layout22, type getGrids failed\n\nRequest stack:\nrequest@resource://devtools/shared/protocol/Front.js:300:14\ngenerateRequestMethods/</frontProto[name]@resource://devtools/shared/protocol/Front/FrontClassWithSpec.js:47:19\ngetAllGrids@resource://devtools/client/fronts/layout.js:173:17\nexports.safeAsyncMethod/<@resource://devtools/shared/async-utils.js:61:25\ngetGrids@resource://devtools/client/inspector/grids/grid-inspector.js:450:35\n", "resource://devtools/shared/protocol/Front.js", 106))
console.error: "Unable to find target with innerWindowId:8589934638"
console.warn: "Error while destroying front:" "inspector" (new Error("Connection closed, pending request to server0.conn0.windowGlobal8589934651/inspectorActor4, type getWalker failed\n\nRequest stack:\nrequest@resource://devtools/shared/protocol/Front.js:300:14\ngenerateRequestMethods/</frontProto[name]@resource://devtools/shared/protocol/Front/FrontClassWithSpec.js:47:19\n_getWalker@resource://devtools/client/fronts/inspector.js:84:30\ninitialize@resource://devtools/client/fronts/inspector.js:73:12\n", "resource://devtools/shared/protocol/Front.js", 106))
console.error: "Failed to start [root-node] legacy listener for target null" (new Error("Connection closed, pending request to server0.conn0.windowGlobal8589934651/inspectorActor4, type getWalker failed\n\nRequest stack:\nrequest@resource://devtools/shared/protocol/Front.js:300:14\ngenerateRequestMethods/</frontProto[name]@resource://devtools/shared/protocol/Front/FrontClassWithSpec.js:47:19\n_getWalker@resource://devtools/client/fronts/inspector.js:84:30\ninitialize@resource://devtools/client/fronts/inspector.js:73:12\n", "resource://devtools/shared/protocol/Front.js", 106))
console.error: "Exception when calling onAvailable handler" "Connection closed, pending request to server0.conn0.windowGlobal8589934651/inspectorActor4, type getWalker failed\n\nRequest stack:\nrequest@resource://devtools/shared/protocol/Front.js:300:14\ngenerateRequestMethods/</frontProto[name]@resource://devtools/shared/protocol/Front/FrontClassWithSpec.js:47:19\n_getWalker@resource://devtools/client/fronts/inspector.js:84:30\ninitialize@resource://devtools/client/fronts/inspector.js:73:12\n" (new Error("Connection closed, pending request to server0.conn0.windowGlobal8589934651/inspectorActor4, type getWalker failed\n\nRequest stack:\nrequest@resource://devtools/shared/protocol/Front.js:300:14\ngenerateRequestMethods/</frontProto[name]@resource://devtools/shared/protocol/Front/FrontClassWithSpec.js:47:19\n_getWalker@resource://devtools/client/fronts/inspector.js:84:30\ninitialize@resource://devtools/client/fronts/inspector.js:73:12\n", "resource://devtools/shared/protocol/Front.js", 106))
JavaScript error: resource://devtools/shared/protocol/Front.js, line 106: Error: Connection closed, pending request to server0.conn0.windowGlobal8589934651/inspectorActor4, type getWalker failed

Request stack:
request@resource://devtools/shared/protocol/Front.js:300:14
generateRequestMethods/</frontProto[name]@resource://devtools/shared/protocol/Front/FrontClassWithSpec.js:47:19
_getWalker@resource://devtools/client/fronts/inspector.js:84:30
initialize@resource://devtools/client/fronts/inspector.js:73:12

console.warn: "Listener for event 'frame' did not return a promise."
console.warn: "Listener for event 'frame' did not return a promise."
console.error: "Error while calling actor 'domwalker's method 'getEmbedderElement'" "Component returned failure code: 0x80004005 (NS_ERROR_FAILURE) [inIDeepTreeWalker.currentNode]"
console.error: ({})
console.warn: "Error while destroying front:" "inspector" (new Error("Protocol error (NS_ERROR_FAILURE): Component returned failure code: 0x80004005 (NS_ERROR_FAILURE) [inIDeepTreeWalker.currentNode] from: server0.conn0.windowGlobal8589934647/domwalker58 (resource://devtools/server/actors/inspector/document-walker.js:69:0)", "resource://devtools/shared/protocol/Front.js", 383))
console.error: "Failed to start [root-node] legacy listener for target null" (new Error("Protocol error (NS_ERROR_FAILURE): Component returned failure code: 0x80004005 (NS_ERROR_FAILURE) [inIDeepTreeWalker.currentNode] from: server0.conn0.windowGlobal8589934647/domwalker58 (resource://devtools/server/actors/inspector/document-walker.js:69:0)", "resource://devtools/shared/protocol/Front.js", 383))
JavaScript error: resource://devtools/shared/protocol/Front.js, line 383: Error: Protocol error (NS_ERROR_FAILURE): Component returned failure code: 0x80004005 (NS_ERROR_FAILURE) [inIDeepTreeWalker.currentNode] from: server0.conn0.windowGlobal8589934647/domwalker58 (resource://devtools/server/actors/inspector/document-walker.js:69:0)
console.error: "Unable to find target with innerWindowId:8589934647"
console.warn: "Listener for event 'frame' did not return a promise."
console.warn: "Error while destroying front:" "inspector" (new Error("Connection closed, pending request to server0.conn0.windowGlobal8589934660/inspectorActor4, type getWalker failed\n\nRequest stack:\nrequest@resource://devtools/shared/protocol/Front.js:300:14\ngenerateRequestMethods/</frontProto[name]@resource://devtools/shared/protocol/Front/FrontClassWithSpec.js:47:19\n_getWalker@resource://devtools/client/fronts/inspector.js:84:30\ninitialize@resource://devtools/client/fronts/inspector.js:73:12\n", "resource://devtools/shared/protocol/Front.js", 106))
console.error: "Failed to start [root-node] legacy listener for target null" (new Error("Connection closed, pending request to server0.conn0.windowGlobal8589934660/inspectorActor4, type getWalker failed\n\nRequest stack:\nrequest@resource://devtools/shared/protocol/Front.js:300:14\ngenerateRequestMethods/</frontProto[name]@resource://devtools/shared/protocol/Front/FrontClassWithSpec.js:47:19\n_getWalker@resource://devtools/client/fronts/inspector.js:84:30\ninitialize@resource://devtools/client/fronts/inspector.js:73:12\n", "resource://devtools/shared/protocol/Front.js", 106))
JavaScript error: resource://devtools/shared/protocol/Front.js, line 106: Error: Connection closed, pending request to server0.conn0.windowGlobal8589934660/inspectorActor4, type getWalker failed

Request stack:
request@resource://devtools/shared/protocol/Front.js:300:14
generateRequestMethods/</frontProto[name]@resource://devtools/shared/protocol/Front/FrontClassWithSpec.js:47:19
_getWalker@resource://devtools/client/fronts/inspector.js:84:30
initialize@resource://devtools/client/fronts/inspector.js:73:12

console.warn: "Listener for event 'frame' did not return a promise."
console.warn: "Listener for event 'frame' did not return a promise."
console.error: "Failed to start [root-node] legacy listener for target null" (new Error("Connection closed, pending request to server0.conn0.windowGlobal38654705665/domwalker20, type watchRootNode failed\n\nRequest stack:\nrequest@resource://devtools/shared/protocol/Front.js:300:14\ngenerateRequestMethods/</frontProto[name]@resource://devtools/shared/protocol/Front/FrontClassWithSpec.js:47:19\nmodule.exports@resource://devtools/shared/commands/resource/legacy-listeners/root-node.js:60:31\n", "resource://devtools/shared/protocol/Front.js", 106))
console.error: "Unable to find target with innerWindowId:8589934656"
console.warn: "Error while destroying front:" "inspector" (new Error("Connection closed, pending request to server0.conn0.windowGlobal8589934669/inspectorActor4, type getWalker failed\n\nRequest stack:\nrequest@resource://devtools/shared/protocol/Front.js:300:14\ngenerateRequestMethods/</frontProto[name]@resource://devtools/shared/protocol/Front/FrontClassWithSpec.js:47:19\n_getWalker@resource://devtools/client/fronts/inspector.js:84:30\ninitialize@resource://devtools/client/fronts/inspector.js:73:12\n", "resource://devtools/shared/protocol/Front.js", 106))
console.error: "Failed to start [root-node] legacy listener for target null" (new Error("Connection closed, pending request to server0.conn0.windowGlobal8589934669/inspectorActor4, type getWalker failed\n\nRequest stack:\nrequest@resource://devtools/shared/protocol/Front.js:300:14\ngenerateRequestMethods/</frontProto[name]@resource://devtools/shared/protocol/Front/FrontClassWithSpec.js:47:19\n_getWalker@resource://devtools/client/fronts/inspector.js:84:30\ninitialize@resource://devtools/client/fronts/inspector.js:73:12\n", "resource://devtools/shared/protocol/Front.js", 106))
console.error: "Exception when calling onAvailable handler" "Connection closed, pending request to server0.conn0.windowGlobal8589934669/inspectorActor4, type getWalker failed\n\nRequest stack:\nrequest@resource://devtools/shared/protocol/Front.js:300:14\ngenerateRequestMethods/</frontProto[name]@resource://devtools/shared/protocol/Front/FrontClassWithSpec.js:47:19\n_getWalker@resource://devtools/client/fronts/inspector.js:84:30\ninitialize@resource://devtools/client/fronts/inspector.js:73:12\n" (new Error("Connection closed, pending request to server0.conn0.windowGlobal8589934669/inspectorActor4, type getWalker failed\n\nRequest stack:\nrequest@resource://devtools/shared/protocol/Front.js:300:14\ngenerateRequestMethods/</frontProto[name]@resource://devtools/shared/protocol/Front/FrontClassWithSpec.js:47:19\n_getWalker@resource://devtools/client/fronts/inspector.js:84:30\ninitialize@resource://devtools/client/fronts/inspector.js:73:12\n", "resource://devtools/shared/protocol/Front.js", 106))
JavaScript error: resource://devtools/shared/protocol/Front.js, line 106: Error: Connection closed, pending request to server0.conn0.windowGlobal8589934669/inspectorActor4, type getWalker failed

Request stack:
request@resource://devtools/shared/protocol/Front.js:300:14
generateRequestMethods/</frontProto[name]@resource://devtools/shared/protocol/Front/FrontClassWithSpec.js:47:19
_getWalker@resource://devtools/client/fronts/inspector.js:84:30
initialize@resource://devtools/client/fronts/inspector.js:73:12

console.warn: "Listener for event 'frame' did not return a promise."
console.warn: "Listener for event 'frame' did not return a promise."
1700059957120	geckodriver	INFO	Listening on 127.0.0.1:57005
1700059960157	mozrunner::runner	INFO	Running command: "C:\\Program Files\\Mozilla Firefox\\firefox.exe" "--marionette" "--remote-debugging-port" "57006" "--remote-allow-hosts" "localhost" "-no-remote" "-profile" "C:\\Users\\timur\\AppData\\Local\\Temp\\rust_mozprofiledKXzF1"
console.warn: services.settings: Ignoring preference override of remote settings server
console.warn: services.settings: Allow by setting MOZ_REMOTE_SETTINGS_DEVTOOLS=1 in the environment
1700059960641	Marionette	INFO	Marionette enabled
Dynamically enable window occlusion 0
1700059960727	Marionette	INFO	Listening on port 57015
WebDriver BiDi listening on ws://127.0.0.1:57006
Read port: 57015
1700059961006	RemoteAgent	WARN	TLS certificate errors will be ignored for this session
DevTools listening on ws://127.0.0.1:57006/devtools/browser/d16e3c3e-f578-4093-acb3-129c31249dbc
console.warn: LoginRecipes: "Falling back to a synchronous message for: https://sso.passport.yandex.ru."
1700059963571	Marionette	WARN	Ignoring event 'DOMContentLoaded' because document has an invalid readyState of 'complete'.
1700059963768	Marionette	WARN	Ignoring event 'DOMContentLoaded' because document has an invalid readyState of 'complete'.
JavaScript error: resource://devtools/client/jsonview/Sniffer.sys.mjs, line 53: NS_ERROR_NOT_AVAILABLE: Component returned failure code: 0x80040111 (NS_ERROR_NOT_AVAILABLE) [nsIChannel.contentType]
JavaScript error: resource://gre/actors/ContentMetaChild.sys.mjs, line 179: InvalidStateError: JSWindowActorChild.sendAsyncMessage: JSWindowActorChild cannot send at the moment
JavaScript warning: https://code.createjs.com/1.0.0/createjs.min.js, line 13: Script terminated by timeout at:
b.getMatrix@https://code.createjs.com/1.0.0/createjs.min.js:13:4345
b.updateContext@https://code.createjs.com/1.0.0/createjs.min.js:13:3032
b.draw@https://code.createjs.com/1.0.0/createjs.min.js:13:8360
c.draw@https://code.createjs.com/1.0.0/createjs.min.js:14:28037
b.draw@https://code.createjs.com/1.0.0/createjs.min.js:13:8379
c.draw@https://code.createjs.com/1.0.0/createjs.min.js:14:28037
b.draw@https://code.createjs.com/1.0.0/createjs.min.js:13:8379
c.draw@https://code.createjs.com/1.0.0/createjs.min.js:14:28037
b.draw@https://code.createjs.com/1.0.0/createjs.min.js:13:8379
b.update@https://code.createjs.com/1.0.0/createjs.min.js:13:14512
b.handleEvent@https://code.createjs.com/1.0.0/createjs.min.js:13:14830
b._dispatchEvent@https://code.createjs.com/1.0.0/createjs.min.js:12:4075
b._dispatchEvent@https://code.createjs.com/1.0.0/createjs.min.js:12:4158
b.dispatchEvent@https://code.createjs.com/1.0.0/createjs.min.js:12:3479
a._tick@https://code.createjs.com/1.0.0/createjs.min.js:12:7459
a._handleTimeout@https://code.createjs.com/1.0.0/createjs.min.js:12:6772

1700059990705	addons.xpi	ERROR	System addon update list error SyntaxError: XMLHttpRequest.open: 'http://%(server)s/dummy-system-addons.xml' is not a valid URL.
